# JRE version: Java(TM) SE Runtime Environment (7.0_67-b01) (build 1.7.0_67-b01)
# Java VM: Java HotSpot(TM) 64-Bit Server VM (24.65-b04 mixed mode windows-amd64 compressed oops)
Heap
 PSYoungGen      total 278016K, used 10310K [0x00000007d6e00000, 0x00000007e9400000, 0x0000000800000000)
  eden space 258048K, 3% used [0x00000007d6e00000,0x00000007d78119d8,0x00000007e6a00000)
  from space 19968K, 0% used [0x00000007e8080000,0x00000007e8080000,0x00000007e9400000)
  to   space 21504K, 0% used [0x00000007e6a00000,0x00000007e6a00000,0x00000007e7f00000)
 ParOldGen       total 83968K, used 28394K [0x0000000784a00000, 0x0000000789c00000, 0x00000007d6e00000)
  object space 83968K, 33% used [0x0000000784a00000,0x00000007865baa10,0x0000000789c00000)
 PSPermGen       total 42496K, used 21172K [0x000000077f800000, 0x0000000782180000, 0x0000000784a00000)
  object space 42496K, 49% used [0x000000077f800000,0x0000000780cad190,0x0000000782180000)
GC Heap History (10 events):
Event: 3.318 GC heap before
{Heap before GC invocations=3 (full 0):
 PSYoungGen      total 69632K, used 69626K [0x00000007d6e00000, 0x00000007db700000, 0x0000000800000000)
  eden space 64512K, 100% used [0x00000007d6e00000,0x00000007dad00000,0x00000007dad00000)
  from space 5120K, 99% used [0x00000007db200000,0x00000007db6feb68,0x00000007db700000)
  to   space 5120K, 0% used [0x00000007dad00000,0x00000007dad00000,0x00000007db200000)
 ParOldGen       total 83968K, used 2251K [0x0000000784a00000, 0x0000000789c00000, 0x00000007d6e00000)
  object space 83968K, 2% used [0x0000000784a00000,0x0000000784c32df8,0x0000000789c00000)
 PSPermGen       total 21504K, used 14791K [0x000000077f800000, 0x0000000780d00000, 0x0000000784a00000)
  object space 21504K, 68% used [0x000000077f800000,0x0000000780671c88,0x0000000780d00000)
Event: 3.331 GC heap after
Heap after GC invocations=3 (full 0):
 PSYoungGen      total 69632K, used 5096K [0x00000007d6e00000, 0x00000007df600000, 0x0000000800000000)
  eden space 64512K, 0% used [0x00000007d6e00000,0x00000007d6e00000,0x00000007dad00000)
  from space 5120K, 99% used [0x00000007dad00000,0x00000007db1fa020,0x00000007db200000)
  to   space 5120K, 0% used [0x00000007df100000,0x00000007df100000,0x00000007df600000)
 ParOldGen       total 83968K, used 6021K [0x0000000784a00000, 0x0000000789c00000, 0x00000007d6e00000)
  object space 83968K, 7% used [0x0000000784a00000,0x0000000784fe15a8,0x0000000789c00000)
 PSPermGen       total 21504K, used 14791K [0x000000077f800000, 0x0000000780d00000, 0x0000000784a00000)
  object space 21504K, 68% used [0x000000077f800000,0x0000000780671c88,0x0000000780d00000)
}
Event: 4.713 GC heap before
{Heap before GC invocations=4 (full 0):
 PSYoungGen      total 69632K, used 69608K [0x00000007d6e00000, 0x00000007df600000, 0x0000000800000000)
  eden space 64512K, 100% used [0x00000007d6e00000,0x00000007dad00000,0x00000007dad00000)
  from space 5120K, 99% used [0x00000007dad00000,0x00000007db1fa020,0x00000007db200000)
  to   space 5120K, 0% used [0x00000007df100000,0x00000007df100000,0x00000007df600000)
 ParOldGen       total 83968K, used 6021K [0x0000000784a00000, 0x0000000789c00000, 0x00000007d6e00000)
  object space 83968K, 7% used [0x0000000784a00000,0x0000000784fe15a8,0x0000000789c00000)
 PSPermGen       total 21504K, used 15539K [0x000000077f800000, 0x0000000780d00000, 0x0000000784a00000)
  object space 21504K, 72% used [0x000000077f800000,0x000000078072cc68,0x0000000780d00000)
Event: 4.730 GC heap after
Heap after GC invocations=4 (full 0):
 PSYoungGen      total 134144K, used 5088K [0x00000007d6e00000, 0x00000007df600000, 0x0000000800000000)
  eden space 129024K, 0% used [0x00000007d6e00000,0x00000007d6e00000,0x00000007dec00000)
  from space 5120K, 99% used [0x00000007df100000,0x00000007df5f8020,0x00000007df600000)
  to   space 5120K, 0% used [0x00000007dec00000,0x00000007dec00000,0x00000007df100000)
 ParOldGen       total 83968K, used 9839K [0x0000000784a00000, 0x0000000789c00000, 0x00000007d6e00000)
  object space 83968K, 11% used [0x0000000784a00000,0x000000078539bde8,0x0000000789c00000)
 PSPermGen       total 21504K, used 15539K [0x000000077f800000, 0x0000000780d00000, 0x0000000784a00000)
  object space 21504K, 72% used [0x000000077f800000,0x000000078072cc68,0x0000000780d00000)
}
Event: 7.045 GC heap before
{Heap before GC invocations=5 (full 0):
 PSYoungGen      total 134144K, used 134112K [0x00000007d6e00000, 0x00000007df600000, 0x0000000800000000)
  eden space 129024K, 100% used [0x00000007d6e00000,0x00000007dec00000,0x00000007dec00000)
  from space 5120K, 99% used [0x00000007df100000,0x00000007df5f8020,0x00000007df600000)
  to   space 5120K, 0% used [0x00000007dec00000,0x00000007dec00000,0x00000007df100000)
 ParOldGen       total 83968K, used 9839K [0x0000000784a00000, 0x0000000789c00000, 0x00000007d6e00000)
  object space 83968K, 11% used [0x0000000784a00000,0x000000078539bde8,0x0000000789c00000)
 PSPermGen       total 21504K, used 19619K [0x000000077f800000, 0x0000000780d00000, 0x0000000784a00000)
  object space 21504K, 91% used [0x000000077f800000,0x0000000780b28fd8,0x0000000780d00000)
Event: 7.073 GC heap after
Heap after GC invocations=5 (full 0):
 PSYoungGen      total 134144K, used 5120K [0x00000007d6e00000, 0x00000007e9700000, 0x0000000800000000)
  eden space 129024K, 0% used [0x00000007d6e00000,0x00000007d6e00000,0x00000007dec00000)
  from space 5120K, 100% used [0x00000007dec00000,0x00000007df100000,0x00000007df100000)
  to   space 23040K, 0% used [0x00000007e8080000,0x00000007e8080000,0x00000007e9700000)
 ParOldGen       total 83968K, used 31069K [0x0000000784a00000, 0x0000000789c00000, 0x00000007d6e00000)
  object space 83968K, 37% used [0x0000000784a00000,0x0000000786857538,0x0000000789c00000)
 PSPermGen       total 21504K, used 19619K [0x000000077f800000, 0x0000000780d00000, 0x0000000784a00000)
  object space 21504K, 91% used [0x000000077f800000,0x0000000780b28fd8,0x0000000780d00000)
}
Event: 9.763 GC heap before
{Heap before GC invocations=6 (full 0):
 PSYoungGen      total 134144K, used 108098K [0x00000007d6e00000, 0x00000007e9700000, 0x0000000800000000)
  eden space 129024K, 79% used [0x00000007d6e00000,0x00000007dd290958,0x00000007dec00000)
  from space 5120K, 100% used [0x00000007dec00000,0x00000007df100000,0x00000007df100000)
  to   space 23040K, 0% used [0x00000007e8080000,0x00000007e8080000,0x00000007e9700000)
 ParOldGen       total 83968K, used 31069K [0x0000000784a00000, 0x0000000789c00000, 0x00000007d6e00000)
  object space 83968K, 37% used [0x0000000784a00000,0x0000000786857538,0x0000000789c00000)
 PSPermGen       total 21504K, used 21323K [0x000000077f800000, 0x0000000780d00000, 0x0000000784a00000)
  object space 21504K, 99% used [0x000000077f800000,0x0000000780cd2c60,0x0000000780d00000)
Event: 9.784 GC heap after
Heap after GC invocations=6 (full 0):
 PSYoungGen      total 278016K, used 9943K [0x00000007d6e00000, 0x00000007e9400000, 0x0000000800000000)
  eden space 258048K, 0% used [0x00000007d6e00000,0x00000007d6e00000,0x00000007e6a00000)
  from space 19968K, 49% used [0x00000007e8080000,0x00000007e8a35c98,0x00000007e9400000)
  to   space 21504K, 0% used [0x00000007e6a00000,0x00000007e6a00000,0x00000007e7f00000)
 ParOldGen       total 83968K, used 31069K [0x0000000784a00000, 0x0000000789c00000, 0x00000007d6e00000)
  object space 83968K, 37% used [0x0000000784a00000,0x0000000786857538,0x0000000789c00000)
 PSPermGen       total 21504K, used 21323K [0x000000077f800000, 0x0000000780d00000, 0x0000000784a00000)
  object space 21504K, 99% used [0x000000077f800000,0x0000000780cd2c60,0x0000000780d00000)
}
Event: 9.784 GC heap before
{Heap before GC invocations=7 (full 1):
 PSYoungGen      total 278016K, used 9943K [0x00000007d6e00000, 0x00000007e9400000, 0x0000000800000000)
  eden space 258048K, 0% used [0x00000007d6e00000,0x00000007d6e00000,0x00000007e6a00000)
  from space 19968K, 49% used [0x00000007e8080000,0x00000007e8a35c98,0x00000007e9400000)
  to   space 21504K, 0% used [0x00000007e6a00000,0x00000007e6a00000,0x00000007e7f00000)
 ParOldGen       total 83968K, used 31069K [0x0000000784a00000, 0x0000000789c00000, 0x00000007d6e00000)
  object space 83968K, 37% used [0x0000000784a00000,0x0000000786857538,0x0000000789c00000)
 PSPermGen       total 21504K, used 21323K [0x000000077f800000, 0x0000000780d00000, 0x0000000784a00000)
  object space 21504K, 99% used [0x000000077f800000,0x0000000780cd2c60,0x0000000780d00000)
Event: 10.021 GC heap after
Heap after GC invocations=7 (full 1):
 PSYoungGen      total 278016K, used 0K [0x00000007d6e00000, 0x00000007e9400000, 0x0000000800000000)
  eden space 258048K, 0% used [0x00000007d6e00000,0x00000007d6e00000,0x00000007e6a00000)
  from space 19968K, 0% used [0x00000007e8080000,0x00000007e8080000,0x00000007e9400000)
  to   space 21504K, 0% used [0x00000007e6a00000,0x00000007e6a00000,0x00000007e7f00000)
 ParOldGen       total 83968K, used 28394K [0x0000000784a00000, 0x0000000789c00000, 0x00000007d6e00000)
  object space 83968K, 33% used [0x0000000784a00000,0x00000007865baa10,0x0000000789c00000)
 PSPermGen       total 42496K, used 21169K [0x000000077f800000, 0x0000000782180000, 0x0000000784a00000)
  object space 42496K, 49% used [0x000000077f800000,0x0000000780cac510,0x0000000782180000)
}

